
2020-05-08 17:53:01,820 - Iniciando el proceso...
2020-05-08 17:53:01,821 - Escrapeando página web...
2020-05-08 17:53:16,749 - Obteniendo fecha y hora actual...
2020-05-08 17:53:16,749 - Insertando datos en base de datos...
2020-05-08 17:53:33,352 - Proceso de base de datos finalizado.
2020-05-08 17:53:34,379 - Publicación exitosa.
2020-05-08 17:54:01,509 - Iniciando el proceso...
2020-05-08 17:54:01,509 - Escrapeando página web...
2020-05-08 17:54:13,449 - Obteniendo fecha y hora actual...
2020-05-08 17:54:13,449 - Insertando datos en base de datos...
2020-05-08 17:54:29,833 - Proceso de base de datos finalizado.
2020-05-08 17:54:30,378 - Titular duplicado no se pudo publicar.
2020-05-08 18:00:01,521 - Iniciando el proceso...
2020-05-08 18:00:01,522 - Escrapeando página web...
2020-05-08 18:00:12,168 - Obteniendo fecha y hora actual...
2020-05-08 18:00:12,169 - Insertando datos en base de datos...
2020-05-08 18:00:27,595 - Proceso de base de datos finalizado.
2020-05-08 18:00:28,190 - Publicación exitosa.
2020-05-08 19:00:01,353 - Iniciando el proceso...
2020-05-08 19:00:01,353 - Escrapeando página web...
2020-05-08 19:00:11,869 - Obteniendo fecha y hora actual...
2020-05-08 19:00:11,869 - Insertando datos en base de datos...
2020-05-08 19:00:31,228 - Proceso de base de datos finalizado.
2020-05-08 19:00:31,811 - Publicación exitosa.
2020-05-08 20:00:01,980 - Iniciando el proceso...
2020-05-08 20:00:01,981 - Escrapeando página web...
2020-05-08 20:00:12,650 - Obteniendo fecha y hora actual...
2020-05-08 20:00:12,650 - Insertando datos en base de datos...
2020-05-08 20:00:29,259 - Proceso de base de datos finalizado.
2020-05-08 20:00:29,755 - Titular duplicado no se pudo publicar.
2020-05-08 21:00:01,932 - Iniciando el proceso...
2020-05-08 21:00:01,932 - Escrapeando página web...
2020-05-08 21:00:31,634 - Obteniendo fecha y hora actual...
2020-05-08 21:00:31,635 - Insertando datos en base de datos...
2020-05-08 21:00:47,808 - Proceso de base de datos finalizado.
2020-05-08 21:00:48,291 - Titular duplicado no se pudo publicar.
2020-05-08 22:00:01,462 - Iniciando el proceso...
2020-05-08 22:00:01,462 - Escrapeando página web...
2020-05-08 22:00:12,914 - Obteniendo fecha y hora actual...
2020-05-08 22:00:12,914 - Insertando datos en base de datos...
2020-05-08 22:00:30,429 - Proceso de base de datos finalizado.
2020-05-08 22:00:31,101 - Publicación exitosa.
2020-05-08 23:00:01,279 - Iniciando el proceso...
2020-05-08 23:00:01,279 - Escrapeando página web...
2020-05-08 23:00:12,423 - Obteniendo fecha y hora actual...
2020-05-08 23:00:12,423 - Insertando datos en base de datos...
2020-05-08 23:00:30,334 - Proceso de base de datos finalizado.
2020-05-08 23:00:30,834 - Titular duplicado no se pudo publicar.
2020-05-09 00:00:02,000 - Iniciando el proceso...
2020-05-09 00:00:02,001 - Escrapeando página web...
2020-05-09 00:00:13,185 - Obteniendo fecha y hora actual...
2020-05-09 00:00:13,185 - Insertando datos en base de datos...
2020-05-09 00:00:29,216 - Proceso de base de datos finalizado.
2020-05-09 00:00:29,710 - Titular duplicado no se pudo publicar.
2020-05-09 01:00:01,881 - Iniciando el proceso...
2020-05-09 01:00:01,882 - Escrapeando página web...
2020-05-09 01:00:12,804 - Obteniendo fecha y hora actual...
2020-05-09 01:00:12,804 - Insertando datos en base de datos...
2020-05-09 01:00:33,046 - Proceso de base de datos finalizado.
2020-05-09 01:00:33,526 - Titular duplicado no se pudo publicar.
2020-05-09 02:00:01,694 - Iniciando el proceso...
2020-05-09 02:00:01,694 - Escrapeando página web...
2020-05-09 02:00:11,372 - Obteniendo fecha y hora actual...
2020-05-09 02:00:11,373 - Insertando datos en base de datos...
2020-05-09 02:00:26,104 - Proceso de base de datos finalizado.
2020-05-09 02:00:26,736 - Publicación exitosa.
2020-05-09 03:00:01,906 - Iniciando el proceso...
2020-05-09 03:00:01,907 - Escrapeando página web...
2020-05-09 03:00:12,063 - Obteniendo fecha y hora actual...
2020-05-09 03:00:12,064 - Insertando datos en base de datos...
2020-05-09 03:00:26,676 - Proceso de base de datos finalizado.
2020-05-09 03:00:27,538 - Titular duplicado no se pudo publicar.
2020-05-09 04:00:01,710 - Iniciando el proceso...
2020-05-09 04:00:01,711 - Escrapeando página web...
2020-05-09 04:00:13,717 - Obteniendo fecha y hora actual...
2020-05-09 04:00:13,717 - Insertando datos en base de datos...
2020-05-09 04:00:27,752 - Proceso de base de datos finalizado.
2020-05-09 04:00:28,444 - Titular duplicado no se pudo publicar.
2020-05-09 05:00:01,609 - Iniciando el proceso...
2020-05-09 05:00:01,610 - Escrapeando página web...
2020-05-09 05:00:11,940 - Obteniendo fecha y hora actual...
2020-05-09 05:00:11,940 - Insertando datos en base de datos...
2020-05-09 05:00:28,190 - Proceso de base de datos finalizado.
2020-05-09 05:00:29,143 - Titular duplicado no se pudo publicar.
2020-05-09 06:00:05,980 - Iniciando el proceso...
2020-05-09 06:00:06,014 - Escrapeando página web...
2020-05-09 06:00:16,451 - Obteniendo fecha y hora actual...
2020-05-09 06:00:16,451 - Insertando datos en base de datos...
2020-05-09 06:00:32,752 - Proceso de base de datos finalizado.
2020-05-09 06:00:33,820 - Titular duplicado no se pudo publicar.
